<?xml version="1.0" encoding="UTF-8"?>
<!-- Generated by org.testng.reporters.JUnitReportReporter -->
<testsuite hostname="Susant-Desktop" failures="0" tests="2" name="org.APITextExample.FirstTest" time="2.747" errors="0" timestamp="2023-11-21T11:15:18 NZDT" skipped="0">
  <testcase classname="org.APITextExample.FirstTest" name="testAPI2" time="0.985"/>
  <system-out/>
  <testcase classname="org.APITextExample.FirstTest" name="testAPI1" time="1.762"/>
  <system-out/>
</testsuite> <!-- org.APITextExample.FirstTest -->
