<?xml version="1.0" encoding="UTF-8"?>
<!-- Generated by org.testng.reporters.JUnitReportReporter -->
<testsuite hostname="Susant-Desktop" failures="0" tests="1" name="org.TestAPI.APItest" time="2.902" errors="0" timestamp="09 Nov 2023 02:52:47 GMT" skipped="0">
  <testcase classname="org.TestAPI.APItest" name="get" time="2.902"/>
</testsuite> <!-- org.TestAPI.APItest -->
