<?xml version="1.0" encoding="UTF-8"?>
<!-- Generated by org.testng.reporters.JUnitReportReporter -->
<testsuite hostname="Susant-Desktop" failures="0" tests="1" name="org.APITextExample.TestsOnLocalAPI" time="1.370" errors="0" timestamp="2023-11-21T13:59:28 NZDT" skipped="0">
  <testcase classname="org.APITextExample.TestsOnLocalAPI" name="delete" time="1.370"/>
  <system-out/>
</testsuite> <!-- org.APITextExample.TestsOnLocalAPI -->
