<?xml version="1.0" encoding="UTF-8"?>
<!-- Generated by org.testng.reporters.JUnitReportReporter -->
<testsuite hostname="Susant-Desktop" failures="0" tests="4" name="org.APITextExample.DataDrivenExcel" time="2.428" errors="0" timestamp="2023-11-29T11:36:41 NZDT" skipped="0">
  <testcase classname="org.APITextExample.DataDrivenExcel" name="testDelete" time="2.216"/>
  <system-out/>
  <testcase classname="org.APITextExample.DataDrivenExcel" name="testDelete" time="0.077"/>
  <system-out/>
  <testcase classname="org.APITextExample.DataDrivenExcel" name="testDelete" time="0.064"/>
  <system-out/>
  <testcase classname="org.APITextExample.DataDrivenExcel" name="testDelete" time="0.071"/>
  <system-out/>
</testsuite> <!-- org.APITextExample.DataDrivenExcel -->
