<?xml version="1.0" encoding="UTF-8"?>
<!-- Generated by org.testng.reporters.JUnitReportReporter -->
<testsuite hostname="Susant-Desktop" failures="0" tests="3" name="org.APITextExample.PutPatchAndDeleteExample" time="3.740" errors="0" timestamp="2023-11-21T13:05:45 NZDT" skipped="0">
  <testcase classname="org.APITextExample.PutPatchAndDeleteExample" name="testPut" time="0.749"/>
  <system-out/>
  <testcase classname="org.APITextExample.PutPatchAndDeleteExample" name="testPatch" time="0.827"/>
  <system-out/>
  <testcase classname="org.APITextExample.PutPatchAndDeleteExample" name="testDelete" time="2.164"/>
  <system-out/>
</testsuite> <!-- org.APITextExample.PutPatchAndDeleteExample -->
