<?xml version="1.0" encoding="UTF-8"?>
<!-- Generated by org.testng.reporters.JUnitReportReporter -->
<testsuite hostname="Susant-Desktop" failures="0" tests="1" name="org.TestAPI.APISubClass" time="2.423" errors="0" timestamp="2023-11-20T15:54:28 NZDT" skipped="0">
  <testcase classname="org.TestAPI.APISubClass" name="postTest" time="2.423"/>
  <system-out/>
</testsuite> <!-- org.TestAPI.APISubClass -->
