<?xml version="1.0" encoding="UTF-8"?>
<!-- Generated by org.testng.reporters.JUnitReportReporter -->
<testsuite hostname="Susant-Desktop" failures="0" tests="1" name="org.APITextExample.JsonSchemaExample" time="2.062" errors="0" timestamp="2023-11-21T14:33:30 NZDT" skipped="0">
  <testcase classname="org.APITextExample.JsonSchemaExample" name="testGet" time="2.062"/>
  <system-out/>
</testsuite> <!-- org.APITextExample.JsonSchemaExample -->
