<?xml version="1.0" encoding="UTF-8"?>
<!-- Generated by org.testng.reporters.JUnitReportReporter -->
<testsuite hostname="Susant-Desktop" failures="0" tests="1" name="org.APITextExample.GetAndPostExample" time="2.182" errors="0" timestamp="2023-11-21T12:57:04 NZDT" skipped="0">
  <testcase classname="org.APITextExample.GetAndPostExample" name="testPost" time="2.182"/>
  <system-out/>
</testsuite> <!-- org.APITextExample.GetAndPostExample -->
